n
11
nfac
113
names
P10000 P10004 P10005
P10006 P10007 P10008 P10014 P10015 P10018 P10021 P10022 
m
15
A
1 0 0 0 0 0 1 0 0 0 0 0 1 0 0 
1 1 0 0 0 0 0 0 0 0 0 0 0 0 1 
1 0 0 0 0 0 0 1 0 0 0 0 0 0 1 
1 0 1 0 0 0 0 0 0 0 0 0 0 0 1 
1 0 0 0 0 0 0 0 0 1 0 0 0 0 1 
1 0 0 0 0 1 0 0 0 0 0 0 0 0 1 
1 0 0 0 0 0 0 0 0 0 0 1 0 0 1 
1 0 0 0 1 0 0 0 0 0 0 0 0 0 1 
1 0 0 0 0 0 0 0 1 0 0 0 0 1 0 
1 0 0 1 0 0 0 0 0 0 0 0 0 1 0 
1 0 0 0 0 0 0 0 0 0 1 0 0 1 0 
L
0 0 0 0 0 0 0 0 0 0 0 
1 0 0 0 0 0 0 0 0 0 0 0 0 0 0 
soft_m
0
soft_A

soft_L

soft_U

soft_b

soft_l

U
3.49999999999999978e-01 3.25000000000000011e-01 2.68999999999999961e-01 2.12999999999999995e-01 2.09999999999999992e-01 2.33000000000000013e-01 4.00000000000000022e-01 2.99999999999999989e-01 4.00000000000000022e-01 2.50000000000000000e-01 2.50000000000000000e-01 1.00000000000000000e+00 1.00000000000000000e+00 1.00000000000000000e+00 5.00000000000000028e-02 0.00000000000000000e+00 1.00000000000000000e+00 1.49999999999999994e-01 1.00000000000000000e+00 2.99999999999999989e-01 1.00000000000000000e+00 5.00000000000000028e-02 4.00000000000000022e-01 1.00000000000000000e+00 2.99999999999999989e-01 1.00000000000000000e+00 
alpha
4.00000000000000008e-02 3.50999999999999993e-02 3.45000000000000029e-02 3.50000000000000033e-02 3.67000000000000035e-02 3.86999999999999983e-02 5.51000000000000101e-02 4.88999999999999990e-02 3.59000000000000014e-02 1.19327000000000003e-01 1.13149000000000000e-01 
shortalphacost

bench
0.00000000000000000e+00 0.00000000000000000e+00 0.00000000000000000e+00 0.00000000000000000e+00 0.00000000000000000e+00 0.00000000000000000e+00 0.00000000000000000e+00 0.00000000000000000e+00 0.00000000000000000e+00 0.00000000000000000e+00 0.00000000000000000e+00 
Q
4.15663799999999983e-04 
1.84258199999999990e-02 1.72458100000000003e-01 5.23128799999999949e-01 7.95515199999999978e-01 1.41609800000000008e+00 6.35057199999999988e-01 1.56706399999999996e-01 3.20610999999999979e-01 1.52389799999999997e+00 1.56905300000000003e+00 -3.56832815020559496e-02 -1.07481818403782434e-02 -2.16895149339603292e-02 9.87234432542924423e-03 7.13377850767134367e-03 2.02141412236979878e-03 -2.09249102329471873e-02 2.40711041436252569e-02 -6.17622026447429712e-03 1.16036784443277266e-03 4.72538103680415558e-02 3.03167879364201007e-03 -9.70009322133337341e-03 -3.71510815595325460e-03 1.03655562378058390e-02 -1.75612417657900681e-03 -2.42110722986765038e-02 -1.65539555190311362e-02 7.10820946411384359e-03 -3.10282689211096967e-03 1.63030633458054151e-02 4.23187365424376807e-02 -6.89618550538302578e-04 -2.25075277772102053e-02 -2.50494087887925820e-02 3.09897806323557456e-02 -3.54276928436944799e-03 -1.05059239875955248e-02 -1.47538248129490228e-02 -3.17156540975744514e-02 -2.15089060392613454e-02 9.65378541741642761e-03 2.55129490406097795e-03 1.25272896240928508e-02 1.74573048274989755e-02 -2.20657417019121324e-02 4.07913602078313134e-02 -1.47344089214567734e-03 1.30213209879640225e-02 1.13848890099141082e-02 -3.66802977297190982e-02 -2.06432730692832078e-02 3.88880714411151823e-02 -4.24747742581442836e-02 -2.61195520640252659e-03 -1.26477447637865139e-02 2.35823761102574199e-02 -1.39867564754898345e-02 -5.15863753531222964e-04 6.83421827467891874e-02 -4.31923410634128466e-02 -3.76724304310473712e-02 8.52969791831493240e-02 -8.21216902748675773e-03 -5.35807468137135257e-03 4.59478653322120505e-03 -1.53665122507539581e-02 -6.43312691483473829e-03 1.77791577681615451e-02 -8.80549412289586587e-03 -6.33501542845335136e-02 4.74127923864614415e-02 8.47873793643000861e-02 -2.61678725222984597e-02 9.67458885066717171e-03 -9.21015603125667666e-03 -5.96983528463143273e-02 -1.91977391967343967e-03 -2.46871827305201672e-02 -2.03105623430274093e-02 1.43468995355197932e-02 1.15233847938948902e-02 2.29669515593225841e-02 1.52072565551572888e-02 -5.02916878626851402e-02 4.21691714779248855e-02 -1.51398182502443038e-02 -4.07659908687945001e-03 9.59494015445068460e-03 1.36413164300092024e-02 1.78344492274827085e-02 1.33201478458853714e-02 -1.28595384603307264e-03 2.65553195621928209e-02 1.39329527456351666e-02 -2.14343979459477689e-02 -1.10608328886993416e-03 8.34220051437934741e-04 7.04399245460850167e-03 -1.65769021311017867e-02 6.72711547084369615e-03 -5.02247565203198763e-03 -8.17335679510044349e-03 -1.38616188737514939e-02 4.36901015123760620e-03 -2.03762248820583587e-02 2.86522277812492308e-02 1.02219044751793841e-02 1.40140915404555894e-02 -1.40784302121902630e-02 -3.97959413294903235e-03 8.14147463369366449e-03 -2.00468798087074102e-02 -5.40725358689423362e-03 1.17305084368356256e-02 -4.36559409379326264e-03 1.08176975700534517e-02 1.67753479496098971e-02 1.69679123473278227e-03 2.42165291630881739e-04 5.81295717931681021e-04 6.20362046846656152e-03 9.98206289364501897e-03 2.76779530595730849e-01 3.62292419829697843e-01 1.10720099890923129e-01 1.20091891371991596e-01 -1.53477954573883885e-01 -2.18603508718836909e-01 -3.20270544432252335e-01 2.29824143061778952e-01 -3.14974668665463531e-01 -8.65960308283003077e-02 1.86982340201055502e-01 3.86845849340135606e-01 -2.36202177832008670e-01 3.02115376218631479e-02 3.81139197748670722e-01 -3.08760276644793885e-01 -6.72053258347475868e-02 -2.53554616667455435e-01 3.41264779179953182e-01 -1.15203971577118397e-01 6.87012939937797884e-01 -1.43542433621037635e-01 -2.31610247072510350e-01 3.23500788835692360e-02 -1.85618703521390517e-02 4.91586014523784587e-01 1.07850047872538435e-01 8.91019292659176732e-02 2.69529208011296331e-03 -1.77430326340844269e-01 -2.23285326573327447e-01 -4.36995801700209366e-02 2.45655017239000212e-01 -2.00587783398973374e-01 8.57727869198957465e-02 1.12674229699181588e-01 1.38783648223894496e-01 3.49540143698668856e-02 -2.31875402054348534e-01 -2.31234223369307407e-01 3.50906661046299778e-02 9.97969452571975391e-02 9.82031018087820146e-02 2.74364052532717487e-03 3.40966439266221916e-02 -6.30188639430184355e-02 -8.54535168704229492e-02 3.15218942944820502e-01 5.18035779053378845e-02 -8.14982670763081396e-02 -2.46041405107027336e-02 1.66100665937930041e-02 1.69704997977463898e-02 -1.42122500536840835e-01 7.82425521305985389e-02 8.10154681935724708e-02 -2.58076500940783105e-01 6.01937466641806820e-02 1.67826618421964800e-02 -1.22859285894083611e-01 9.71696532539297331e-02 -1.50748258365129867e-01 1.02918292397389283e-01 2.37353457181609689e-01 8.82452838161967429e-02 -4.91853012474698439e-03 -4.38687856998130898e-02 -8.50176163253792416e-02 1.19260634804611965e-01 -1.31769544209568990e-01 -3.10067927648171419e-02 -1.31660285826385670e-01 -1.80365941353404391e-01 -1.13891144369532484e-02 3.54487435159714578e-02 -9.21328760927995621e-02 -4.30805607515540034e-03 -4.89054700873343129e-02 -1.19835603513494676e-01 -2.31436771635382260e-02 8.12015803971402328e-02 1.87454876858653002e-02 6.43503752728132178e-02 -3.05048335055841183e-02 -5.37417928834191747e-02 2.53291921207631880e-02 -7.14030417297444459e-02 -7.77172784393910382e-02 -4.70272563218640458e-02 1.49964741670185683e-02 7.40084224117654871e-03 1.34780083728177708e-01 1.04125609685749559e-02 9.83458370710175445e-02 5.27217325652377805e-02 4.67419473752032702e-02 8.15117453944840809e-02 2.23972141329789841e-02 2.12681638599051676e-02 -8.48905148286081129e-03 7.78378217507101344e-02 -1.78824076277959536e-02 -5.69357360365334159e-02 1.32974902466499630e-02 6.39576160156182377e-02 -4.84870391740364129e-02 -7.45997757253909349e-02 1.22075649015477624e-02 -8.45831126766726782e-02 -8.71053916119585853e-02 3.72394904079907177e-02 7.74669021307104883e-02 -2.70687297882843403e-02 9.04114760239192017e-01 7.90649676495564724e-01 6.29645930254705721e-01 1.49673487522929916e-01 -1.10051201110285574e-01 -9.35748166956001270e-01 -7.31610221738725364e-01 5.55642491442203235e-01 -9.55838642059603560e-01 -2.34843721727605037e-01 2.85704047457163213e-01 1.27797340522733305e+00 -7.04653456550385637e-02 -1.13888351844271624e-01 9.58489276287012637e-01 -9.96935388023434399e-01 -3.89068217224799728e-01 -5.39759183824621847e-01 7.37639816387592129e-01 8.25708075768401412e-02 1.51770476631422069e+00 -2.32940619600040810e-01 -5.38861202801103500e-01 6.39258501239620136e-02 -1.96112841043143138e-01 1.16059092020817745e+00 2.46305755719412933e-01 3.43434987857390156e-02 -2.10655700106497701e-01 -4.58062545056245329e-01 -5.49121788714580727e-01 -1.57736132859157524e-01 5.61183932589055190e-01 -2.46394060483424437e-01 1.48473693669019580e-01 1.47502348239952563e-01 4.48363013312271408e-01 6.92494958497445606e-02 -6.74536833389526524e-01 -5.50133759709595105e-01 -1.54045839286082481e-01 1.19181448668804008e-01 -1.46627448759232924e-02 3.14515144198833155e-02 1.11321752598208729e-01 -1.02585988164309361e-01 -2.18754397346840296e-01 9.63083902846342599e-01 8.12946724612977345e-02 -3.00274114737132614e-01 9.29901039785999695e-02 1.66262581348508104e-01 -1.79660769072326476e-02 -5.58018399606296622e-01 1.77935084468032911e-01 1.63314790611047089e-01 -9.04192161317085463e-01 1.72108269787240309e-01 -1.51542692077773933e-01 -9.47666501748243434e-02 3.62055698803142978e-01 -5.68745204407040239e-01 1.60242093223777526e-01 6.21079922064407985e-01 2.44200261120791039e-02 1.14766704860128962e-02 -7.91340927766999019e-02 -2.06803959745776006e-01 3.05133399176987952e-01 -3.32273109024209146e-01 -5.48339456895114222e-02 -4.18071872391577615e-01 -3.17748383889547126e-01 9.70538693353701909e-02 7.26198021344168915e-02 -1.50311379938587425e-01 9.30700483871343617e-03 -8.02346646337034480e-02 -2.15820898199396261e-01 -1.20798919885933900e-01 1.31009757332214372e-01 3.52300567762433986e-02 5.81122914707086907e-02 -1.74135895498497117e-01 -6.32739262414590276e-02 6.58824436357732801e-02 -4.07877587371910766e-01 -2.94555037579152690e-01 -2.43095514223674758e-01 7.42115117603307228e-02 6.80691192489001617e-02 4.26375822965792128e-01 1.43262655357235508e-01 3.08901627160423797e-01 9.01655738749936320e-02 9.16181430261271690e-02 1.82463016066376285e-02 1.32286697395163660e-01 9.61332307091008402e-04 -2.37957695774845684e-02 1.78016965539854494e-01 -1.89185776755124990e-01 -2.80204907852723173e-01 -8.07034952441666870e-02 1.39493951328690108e-01 -2.63401482452574887e-01 -1.35245115883702721e-01 -3.58631656891962667e-03 -1.53438673183114271e-01 -3.07183123381608469e-01 1.44533294204658380e-01 3.05696950323982974e-01 -9.73513332676911730e-02 1.44681416154364584e+00 1.24392313207303506e+00 1.32640935645653868e+00 1.60318325544710039e-01 3.23454045945425900e-02 -1.71286127184694759e+00 -1.22426303186383523e+00 4.64586461889909375e-01 -1.46591342205371111e+00 -3.20072912476875656e-04 2.46279804823181125e-01 2.09222095782904960e+00 1.20097461831830329e-01 -3.05187810711518681e-01 1.59330816784879881e+00 -1.60728990244516212e+00 -8.98241540686739781e-01 -9.14945274832860811e-01 1.03130819586746458e+00 5.50945171824302360e-01 2.23028151942929131e+00 -4.52929301144305574e-01 -8.90516124855865510e-01 1.70814113640691628e-01 -2.44030973742211194e-01 1.52677184164323410e+00 5.45320638113027556e-01 -5.08543233741115611e-02 -6.59154778297238453e-01 -7.95767364473727978e-01 -7.09298670235736117e-01 -3.49911047664737795e-01 6.38200908671425871e-01 -2.30320729606960289e-01 2.57490518115900680e-01 1.53017814855703732e-01 7.82624679011362123e-01 2.70596873016297423e-01 -9.56910056774763262e-01 -9.05820427606718104e-01 -4.71839479754522728e-01 -2.23773685229775726e-02 -1.07478762954486273e-01 8.41468011877025968e-02 3.21426708485962609e-01 -1.67891229973442024e-01 -5.14028254824500208e-01 1.41925278842489444e+00 -1.00813284284303403e-01 -6.38517020445818706e-01 1.79963409783128997e-01 2.83620432910989040e-01 2.93941498243124530e-02 -8.81025372719785649e-01 2.86027918171104900e-01 2.20119790695407547e-01 -1.62046465620006175e+00 2.13985834382583034e-01 -4.48464222265104961e-01 -2.71710463633102681e-02 6.08159724096737353e-01 -9.50931599037701081e-01 1.35611980800851462e-01 1.01621849931448360e+00 -1.62216932428152022e-01 -9.88985701762724601e-02 -1.06273524243762255e-01 -5.39340102697053014e-01 4.41841998499596322e-01 -5.19472185579496593e-01 -1.04252478435695725e-01 -6.22977393086370790e-01 -3.21007756433426716e-01 2.24490969203671870e-01 8.64418667633067989e-02 -2.75485430531729331e-02 8.64488681205444337e-02 -9.77036688319092017e-02 -4.09279085548223842e-01 -2.54868959083028979e-01 2.18338894159752411e-01 8.58678483569813404e-03 1.84684008903185648e-01 -3.63132424323794389e-01 -2.99786279726437753e-02 1.48649532184712801e-01 -6.93653463278750548e-01 -5.28813966020157067e-01 -4.71944294656572449e-01 1.61276957329457460e-01 1.11855777224848824e-01 6.77303047129619640e-01 2.88142614582490575e-01 3.05692842157750611e-01 2.30810136119058672e-02 3.44389110538198262e-02 -1.79055460866230143e-01 1.74471413852898660e-01 -7.61887605119792727e-02 1.73088694622170851e-02 2.37201833430644188e-01 -3.26025330567734140e-01 -5.67853248337289451e-01 -1.68959742256694245e-01 2.27982224197030264e-01 -4.60619750061482591e-01 -1.47798616770734192e-01 -6.35857079596428426e-02 -1.25232312869143159e-01 -5.88926829970170873e-01 1.91098837335789001e-01 5.59810513957605171e-01 -3.29441736117986550e-01 1.87215636627281001e+00 1.29173938985905457e+00 1.86884404239905866e+00 3.77783169182324035e-03 2.64426413973168351e-01 -2.39251630016532912e+00 -1.50489342739709264e+00 2.68887220542063210e-01 -1.63553332243467597e+00 4.85439190645085838e-01 4.43277076343135623e-01 2.49623037050745067e+00 3.85663762703932600e-01 -3.88743213504877727e-01 2.06212225698515184e+00 -1.97795959310198843e+00 -1.31970166602331962e+00 -1.04738486826090016e+00 1.20432081317277206e+00 9.94249229762052211e-01 2.66013425806985238e+00 -5.06362244545561557e-01 -1.20445383086167590e+00 4.09091654750873612e-01 -2.31816428304669087e-01 1.62615568381354603e+00 7.74023196445213335e-01 -1.71791446569702216e-01 -9.44499215968475525e-01 -9.36968095707056969e-01 -7.60933043769740247e-01 -4.72145592179677276e-01 5.82660634487801143e-01 -1.61895618829462962e-01 1.60200204462631612e-01 2.66537454195307666e-01 1.11739943887749571e+00 3.98979788256065171e-01 -1.13959985813951459e+00 -1.10935079068322895e+00 -6.63525604090802523e-01 -1.75535491737206284e-01 -1.38889903347589772e-01 1.79311267687792236e-01 5.26700531657543047e-01 -2.91658298988375975e-01 -6.69979957235976586e-01 1.69738975955837734e+00 -2.76285183309148308e-01 -8.32842908525772585e-01 1.80614669165529929e-01 2.00146832697314897e-01 7.35334169606031152e-02 -9.36273674898098207e-01 4.44001435685431933e-01 2.47899636724556366e-01 -2.17508849877092025e+00 2.81246674745894987e-01 -5.24535338193398037e-01 -7.88146583370852305e-02 7.46095790472931952e-01 -1.30617302440136140e+00 6.65901359716000642e-03 1.48670834323989531e+00 -3.71524240943770068e-01 -2.16399237044592435e-01 -4.07361683461589449e-02 -9.10511530468640973e-01 6.38007334734298159e-01 -8.12184682160419280e-01 -1.21305384986648404e-01 -6.98891903277738868e-01 -2.93722246441852408e-01 3.55297595050828363e-01 4.33945873953897540e-02 5.67015693336633125e-02 1.23297926893007226e-01 -1.70052666568185934e-01 -5.52370083943543033e-01 -2.24775512517083387e-01 3.06790545472632181e-01 1.75105161899824120e-02 2.66852663335625517e-01 -4.32120788722632099e-01 1.61398205648144791e-02 1.28060882647338947e-01 -9.47092388200952762e-01 -6.64714806835668415e-01 -5.61814584664998118e-01 3.48693705306565294e-01 1.07399893836121765e-01 8.68113215827898133e-01 3.10522342659783901e-01 1.88382321162391925e-01 -4.35715487561385336e-03 6.81298195064069106e-02 -3.50314010872148252e-01 8.58167435144631952e-02 -1.37685262786889667e-01 9.24603902151393403e-02 2.80267417428225696e-01 -4.22772039994540161e-01 -7.68620004811745972e-01 -2.21775714846901090e-01 2.91740559661880283e-01 -5.66491186843437800e-01 -8.23660475479240095e-02 9.21769133814062669e-03 -1.34024529532463660e-01 -8.57872404365719321e-01 1.90622350062808227e-01 6.92813181146544443e-01 -5.68924057792596360e-01 2.26069068025838105e+00 1.85164916047641737e+00 3.16013744197522328e+00 -5.76720087514259960e-01 1.79636673179607276e+00 -4.33956847573693238e+00 -2.55244909250502383e+00 -9.50020065395797420e-01 -2.42641280015166494e+00 1.64267024084134250e+00 1.36368044479493200e+00 3.27345130804638051e+00 9.68283997296532362e-01 -1.16431047129386833e+00 2.97947061228777299e+00 -2.34276600668851120e+00 -2.20864777463807505e+00 -6.29304795672635087e-01 1.33330202089045624e+00 2.11964768721905239e+00 3.24492791858038832e+00 -8.10715998077661926e-01 -2.12205035059131264e+00 1.17035926362593079e+00 8.74903762627038568e-03 1.64174955611918527e+00 1.18674089894936685e+00 -5.74323928420349739e-01 -1.52973618592324789e+00 -9.45657702126902366e-01 -8.51861642518919382e-01 -1.08015373720586072e+00 -6.02192856491307715e-01 6.50945768386383850e-01 -1.61829578196207663e-01 9.08689336087432853e-01 2.03014583914601277e+00 1.15133513685678812e+00 -1.84895572778699702e+00 -1.71223604432026133e+00 -8.03813147222182001e-01 -1.94487370374055807e-01 -8.95975275340902266e-01 3.27016447935490451e-01 1.75977660297064586e+00 -2.72501141772556299e-01 -9.06234939463064215e-01 2.00954606097718314e+00 -8.92117895985423015e-01 -1.46755665710139649e+00 3.37835634220551295e-01 -6.58812746881055955e-01 2.00414312810436729e-01 -9.93400487848504876e-01 8.99958907984563683e-01 3.45144383387789688e-01 -3.63596644702341187e+00 6.22450084188492125e-01 -8.04600473281335438e-01 1.03281801253826994e-01 1.27664860079257170e+00 -2.26541866392139202e+00 -8.66025463536149176e-01 3.11805205199883062e+00 -1.15297244841839763e+00 -4.21492668177303742e-01 5.79452788119690365e-01 -2.08220912605595876e+00 1.06523244529395833e+00 -1.38456118688826879e+00 -2.65245726215583955e-01 -9.23260144483922018e-01 -7.13766996260047637e-02 7.61277434401844366e-01 -3.84942148983244969e-01 -1.40868210431900842e-01 3.09182455856835070e-01 -3.89802073672341820e-01 -1.27449562681521944e+00 -1.44219246043094468e-01 1.98348998976615676e-01 -1.33636398722738164e-01 1.02224960065537585e+00 -7.12077433610125654e-01 -4.35466717569980080e-02 4.98476144072639737e-01 -1.50679581144920083e+00 -6.29170652077265857e-01 -4.30037516771657524e-01 9.96727951097637455e-01 1.59460933733634930e-01 1.66392275304843174e+00 4.67697778097812489e-01 -6.19340362038464987e-01 -3.20320132497386167e-01 3.46768932308442052e-02 -9.76552692321196236e-01 -1.30073442998308253e-01 6.10177258807169595e-02 4.33822282196668130e-01 8.79417029815865586e-02 5.65632989272547848e-03 -9.58630446753053533e-01 -6.27719034909787754e-02 4.49259501719737331e-01 -7.83204112440293199e-01 -4.48745321611061065e-01 -6.73379667957161449e-02 1.27395702813980410e-01 -1.48382134922513154e+00 -5.05003794895867997e-02 7.46430357597145266e-01 -1.14271458771591705e+00 4.28769062577209592e+00 -1.11410993525558233e+00 3.50492732524454731e-01 4.49780663093432398e-01 -4.61289350853679669e-01 -1.64834647922591637e+00 -1.41648775061188914e+00 2.89674588016082701e-01 -1.23722819409997364e+00 4.35186344548863346e-01 1.70152449090562791e-01 1.71995595636612308e+00 4.61300690310090356e-01 -2.04610688711347827e-01 1.04576751758840159e+00 -1.44467687413476464e+00 -1.25169011626724669e+00 -6.95411166210188170e-01 1.48895266541956972e+00 7.80616302882685353e-01 1.89373208231460644e+00 -1.08452966818004382e+00 -1.52986309436680457e+00 2.28145325043041275e-01 -3.40770365604994463e-01 1.38842116656267356e+00 3.93731186686581414e-02 -4.28282899147387430e-01 -1.06940270527899850e+00 -6.49950885403429823e-01 -3.71827401416183922e-01 -2.69485059897655865e-01 4.53204341315013859e-02 2.74419933153013905e-02 1.92266832439039165e-01 3.59035630195480293e-01 1.26243974696935601e+00 1.70556073268057495e-01 -1.34642576486825560e+00 -4.94749295544971379e-01 2.92244715438585295e-03 -3.87477625340274467e-01 -4.81706394605460553e-01 2.54924044838914718e-02 1.07056035469271130e-01 -2.45427969316297456e-01 -6.39058926000565020e-01 1.06853408380760184e+00 -7.49495600537493506e-02 -2.97043195828007034e-01 -2.44267008189581497e-01 -5.14409443270863020e-01 1.18127792835446790e-01 -2.87722845379568437e-01 -7.70449246852178693e-02 1.18745908860646551e-01 -1.53630649723362422e+00 5.13467662795819901e-01 -4.51694911580378333e-01 -4.45704242180932408e-01 4.73626650381074543e-01 -1.35397246247421443e+00 -7.12930686257465807e-02 1.26658403338483705e+00 -4.13962760375504946e-01 -2.46725501224898502e-01 7.46539480136269584e-02 -1.34037514232532962e+00 3.85670503174642798e-01 -6.97917250344799567e-01 -7.29870531928820260e-02 -5.02638888043307142e-01 4.05751662951082670e-02 2.01961082574746542e-01 2.60401751326520652e-02 3.48754877056445867e-01 -1.24976555876670128e-01 -2.68354688998134527e-01 -7.05842539434257565e-01 -1.31451607299136158e-01 3.24924571991583255e-01 7.30763736216467757e-02 -6.77654034298183355e-02 -2.80838292679907009e-01 3.12799352616089765e-01 3.05965400631846796e-01 -6.03229684145453304e-01 -4.44788461393328560e-01 -1.90782627147948435e-02 5.90005076682896035e-01 -7.38373314125313623e-02 9.42316156550277673e-01 2.89958442890563217e-01 -1.47641611628615665e-01 2.44476817623086422e-02 -9.24918444593921113e-02 -3.47369670898035721e-01 1.20033682785965365e-01 -7.52509501912736745e-02 3.10266960866375896e-01 4.06733923443085621e-01 -6.97775968816402720e-02 -6.84599256785267340e-01 -4.22783555155952562e-01 1.95190349919283523e-01 -5.34470813421066726e-01 1.72589248942211448e-01 -1.04886630273916537e-01 1.31674602870055696e-01 -2.87436573520103544e-01 -1.61023873823629537e-01 4.48513626292284084e-01 -1.38850614049705862e-01 2.32720834686499867e+00 8.59925587753923693e-01 2.01986595381083406e-01 -1.66987553048275311e-01 2.38103003428326687e+00 -1.61562667879648236e+00 1.59356416335637974e+00 -3.28738549114115153e-01 -4.30221463946224247e+00 1.37697010371900519e+00 -6.40060971045256277e-01 2.11169644227150055e+00 2.38474308374966526e+00 -9.53812992802929416e-01 1.41411061828238904e+00 1.12727269443241251e+00 -6.55771639426167119e-01 3.10910278356600678e-01 4.48742901057205157e-01 3.30131074493414456e+00 -4.00248726210731376e-01 -2.17661596771032695e-02 -9.78540938474065536e-01 -5.18891181739617013e-01 7.35635643396801014e-02 -3.78459692887235077e-01 3.49388095151641653e-01 5.58006242282762521e-01 8.75209112598375333e-02 -1.11180101789888930e+00 -1.37914097782650402e+00 -9.06204716942539235e-01 5.60272649729828154e-01 4.24698572650049344e-01 -3.34537505277753666e-01 -5.03621286440092852e-01 -1.84744789834885625e-01 8.61545399653653732e-01 -5.49786911024323088e-01 -8.84925391823779828e-01 -4.85196339804584098e-01 -4.04128899203332670e-01 1.64855063897013154e-01 2.82479546358981093e-01 9.73560974347927321e-01 -1.75434875762775583e-01 -1.05308612795356238e+00 -8.19129312277380728e-03 -3.96330317987719838e-01 -2.66116015818762708e-01 2.08202095391104125e-01 3.15056567879686167e-01 7.84359640744107106e-02 2.92120910259803079e-01 5.07662757167806178e-01 -4.70138272039819782e-01 -1.31032743524151041e+00 7.54269693525041474e-02 2.57645708786039485e-01 1.06754780795408261e-01 -3.65219118760790884e-01 -1.85108384876365328e-01 2.31460650044190058e-01 3.01892044521703540e-01 -5.07596113245696312e-01 -6.24974988569264450e-02 -6.70464336351664913e-02 -6.24976276819964260e-01 -1.40310265470367512e-01 -3.71486439288780002e-01 -2.28040240005321720e-01 6.47924444921521014e-01 -5.47912645348968330e-01 3.59425042290425323e-01 -6.24030345931198993e-01 3.04675178987263706e-01 7.87655838307902201e-01 -1.67116128122130003e-01 -5.83940288369857674e-01 -5.82805652533562424e-01 2.96549002779392112e-01 2.49396614845474401e-01 -4.53212720224583476e-01 -4.17285671249543966e-01 6.48350710804494690e-01 1.66621894131046777e-01 -7.36947535611481297e-02 -5.60427861697145868e-02 -1.81858234203279484e-01 1.98165049903822887e-01 -2.83125944472810809e-01 2.60560810707221202e-01 2.24588256502175121e-01 -6.98631620534840847e-02 2.60715952082343605e-01 -2.63120337853665308e-02 1.78881390298183701e-01 -1.24456597780461073e-01 1.64545278020258728e-01 3.36583984350450949e-01 -2.20929788303017849e-02 -1.06353972177279113e-01 -2.28327069875101207e-01 -3.34034294853377878e-01 5.60852796556012140e-02 4.12204532073506338e-02 3.25530276236892860e-02 4.47772619945115302e-01 -1.62581619359227242e-01 4.99842325112060809e-02 -2.32856770695044457e-01 5.24136180558158915e-01 4.39513937873686825e-02 8.39940436588391215e+00 -4.88624132207603168e+00 3.85173563798727081e-01 -9.74702428997387127e-01 -1.77922354916790737e+00 -3.31067186692158955e-01 -5.04623622126723292e-01 2.89186779040151887e+00 -2.04221235472338325e+00 -4.60130164865423408e-01 -2.35080690849826546e+00 -9.62319963604617246e-01 -4.51864838965076232e-01 1.55726924306069381e+00 1.20464718839245677e+00 -5.07453524285934876e-02 -1.31417104065743945e-01 -1.30828668911770429e+00 9.45168232913434908e-02 -1.29096644953708450e+00 -1.19500824032885158e-01 -8.03288226191350430e-01 -5.22997938411377872e-01 6.33389861117917952e-01 2.28988342795268113e-02 1.88643535244775395e+00 -7.70760625405427557e-01 -1.40729524429978659e+00 1.18547547010262244e+00 -4.80921075669047904e-01 7.83469620659963617e-01 1.09219195776424249e+00 -2.80381775325872551e-01 3.85110139818272468e-01 2.36956387077756542e-01 8.32806082697057581e-01 3.86342837159675545e-01 -2.15728579287286087e-01 -7.27685390801065535e-01 -3.16198513757175614e-01 -6.35416774372328019e-01 -1.62116839963464754e+00 -5.50160720407559881e-02 -6.48587109791705779e-02 3.83625985502934863e-01 5.14343472919738143e-01 9.09644791368588862e-02 -5.10066533971587410e-01 1.60041776230815946e-02 5.69435830281908029e-01 -9.91513779054890687e-01 -9.66679907929761328e-01 3.50226817157793358e-01 -8.53369224043932451e-01 -6.41587329746690083e-01 -4.88988559044645388e-01 -6.13167281066901881e-01 6.85783305077602212e-01 1.04283048469797260e-01 1.18882213255668376e-01 8.21091260809606704e-01 -8.70174619629469737e-01 -5.59792588161722504e-01 -1.41855113420333634e+00 -4.70037930179497021e-01 -9.88952542009556512e-01 6.29294417728967631e-02 3.74413203377779724e-01 -8.44817450089632604e-01 -3.90340508131650499e-01 1.65788145360210248e-01 -6.26961027889633371e-01 6.53671901775808806e-01 3.73885658932431975e-01 -1.79306456227269567e-01 9.61913092026875582e-01 3.52300879695658986e-01 -2.69225229463606219e-01 -7.54572253844756902e-01 -7.62088329902589123e-01 -4.19954802330158583e-01 6.35715322198195487e-01 -1.03417988706730066e-01 -1.44497580385006708e-01 -3.99946629935272691e-01 -6.85856729283313427e-02 7.28294790925578028e-01 -3.37066789385325138e-01 2.19627105655892774e-01 -3.20878480314298165e-01 -1.39827812538573959e-01 8.69597037512469195e-01 -4.68729425685256301e-02 -4.70697832500392488e-01 -3.37851953705677879e-03 3.70518269113917553e-01 4.04450399786337900e-01 3.00073206433159601e-01 5.51130469167309192e-02 -4.25937792723955211e-01 -1.39327591588277074e-02 1.40375209215575947e-01 -1.48210682133877114e-01 6.04100073948893243e-02 1.40574821123794824e-01 1.60057901578941064e-02 -6.45053221806007104e-01 -2.07078334776980566e-01 5.26349861862280902e-02 -2.01851533269674116e-01 -3.29287294962259558e-01 1.75190157518532869e-01 -2.32977349145070955e-02 6.39951094232298257e+00 4.97841586712307438e-01 1.59806072464400151e+00 -5.26938803816201062e-01 9.97903715241042419e-03 1.55144555358867442e+00 1.04493321412875761e-01 3.12591734156987844e+00 -4.05163716651364414e+00 -1.16426496485295949e+00 -7.79124441252011302e-01 2.02076186908674377e-01 1.58973196543762130e-01 1.22144968375261032e+00 -1.37110539840008511e-01 -2.05503117631117449e-01 -4.99062539766033764e-01 8.56688499356931671e-02 -1.55680449616005051e-01 1.64473601655473844e+00 -9.14865308825599355e-01 -8.38848166706780640e-01 -1.24754155629278873e+00 4.78782182118180286e-02 -8.43235075613113394e-01 7.57808650492504232e-01 5.83657902806408058e-01 -1.89769118202519205e+00 2.29960697774459977e+00 -1.38111997718364465e+00 1.65933847037826077e+00 -1.10708479724868880e+00 6.59126094056155076e-01 7.95101914896266582e-01 3.64416038207041770e-01 8.97161813978672229e-01 4.29480465140166245e-01 -3.13184200647974031e-01 -4.88525857320349088e-02 -1.16543950297816212e+00 8.26901335042116714e-02 -2.77338429000678621e-01 9.99008414006390066e-01 -1.08112302913896419e+00 -5.58316869646017344e-01 1.15420356254821055e-01 -2.90967327862208192e-01 -2.65455367666384168e-01 4.14887642815220170e-01 1.03532100918758063e+00 -1.25535275666853585e+00 -1.88033719087266488e-01 -9.40744588325274855e-01 2.79792219637945927e-01 1.06033926389023248e+00 4.64860765883849582e-03 -7.41889836857868579e-01 8.74858226570893627e-01 -6.09488059242181746e-01 7.16421355291866679e-01 -4.25451457733381333e-01 2.15812675203978221e+00 -6.75334158195229128e-01 -1.61808777385092153e-02 6.80470061881849442e-01 -3.79164839667196496e-01 1.26237050155167263e+00 8.38446831824769645e-01 -9.68507799366637223e-01 -5.04728209847456921e-01 -4.49560195423935938e-01 1.35368026252306484e-01 1.23878635098767953e+00 -6.50361077843942037e-01 8.56443635285112137e-01 1.64585651730951321e+00 3.46568855745705173e-01 -6.26100116128576190e-01 -3.05857992765425413e-01 3.42305190224461639e-02 6.91841825390075549e-01 2.01077731228739287e-01 -8.55137266777124538e-01 -2.93421711109449368e-01 9.53622814786196704e-01 -7.08253307541125837e-02 -1.03808812743444623e+00 -5.82504327385637288e-01 1.49463708762670899e+00 1.65710051179607049e-01 1.55276740314791134e-01 4.90025743095146959e-01 -8.85924128884085782e-01 2.43053795808514772e-01 -4.38232463500995095e-01 -8.01998241795609634e-01 -1.25505410262790607e+00 8.40866359784166600e-02 8.30183439127778477e-01 4.10135334174885569e-01 -3.99814893049399878e-01 -5.89892717360731900e-01 3.20119021508190327e-01 3.39594885668744462e-01 -6.30043717817119653e-01 5.59454349177272325e-01 2.72042706042479820e-01 1.16922301849304477e+00 6.89974405206725955e-02 1.99764158994682556e-01 -1.75111109747764282e-01 -3.37039870975012257e-01 -3.04192516941403750e-02 7.94662053760696718e+00 -2.72686627438975737e+00 1.40785581528209103e+00 -2.05067258771911076e+00 1.07297879369489957e+00 -1.96065209677575458e+00 1.79857202409254224e+00 2.80843608260034694e+00 -4.03637740252830035e+00 -2.06013287229280007e+00 2.03762701599159390e+00 2.84305966945543576e+00 4.81770922310861582e+00 -1.61528327039225261e-01 -1.39433247938526161e+00 -1.37866836618395139e+00 -1.35496107049559078e+00 -1.31967106774350507e+00 8.53178766825862023e-01 -6.59336520934218351e-01 -4.95397457094449400e+00 -2.11840272868119600e-01 3.02684366378032754e-01 7.90765466569490538e-01 -2.36807808154355914e+00 3.01200749541603141e+00 -1.78050033252511231e-01 2.56938219867654305e-01 1.32150099770961094e-01 -4.85501942468202607e-01 1.86765667170268057e+00 1.29826341401939915e+00 5.49536518506362426e-01 1.94035621128927005e+00 -9.67166720355155940e-02 1.21409149560158025e-01 7.59703383913502894e-01 7.80992310337896511e-01 -7.91784550703668322e-02 9.55460399708422004e-01 1.94287387244906840e+00 1.33452603418548166e+00 1.28547250330687091e-01 3.49211796918993012e-01 -5.14599432804918488e-01 8.71323615801866014e-01 4.50443534552518898e-01 6.66981532195106031e-01 3.01203162740458219e-01 -5.98051337897909430e-01 -4.90419418622313197e-01 -6.68143453637989992e-01 -1.49512282483791870e+00 2.95203731054013652e-01 -4.37034559231072817e-01 5.15230013026223954e-01 -6.38994736627477966e-01 -5.57684980880885139e-01 -1.00121808755267749e+00 -7.02976655885150570e-01 -6.44621730174712027e-02 1.76692999715229471e+00 -1.28677927049429930e-01 -2.78658108786187797e-01 -2.56501183958810330e-01 7.78328231041345409e-01 -1.39976476096860314e-01 9.15236852325029410e-02 1.19786823961596331e-01 -9.30475244446371641e-01 -1.25125897648996043e+00 -3.29493332492882707e-01 6.89997818135286267e-01 3.09914205164924628e-01 -1.65843492288368283e-01 1.77905795965058577e+00 3.11378022495119422e-01 8.96370205961081301e-01 -4.34790665476660732e-01 -3.69370990370675500e-01 -1.50540109964107227e+00 -1.20193169957574875e+00 4.18603937038270896e-02 5.86724048048389957e-01 -5.01040870848380560e-01 4.72416959200683328e-01 -1.09761575031170122e+00 -3.02762861700500763e-01 5.94870428099243509e-01 -3.13242796369024523e-01 -2.31919053818081533e-01 7.81526445123925106e-01 -7.27773977011660467e-01 4.70816693204690828e-01 8.11663706738276258e-01 4.50898354980716176e-01 8.32052892726485971e-01 7.10102732028605965e-01 4.78949162336687060e-04 4.63808533240007370e-01 -6.03832279481813020e-02 3.59422277734249673e-01 -8.05700666517497166e-01 5.52133841787607715e-01 -1.16985229347539366e+00 -5.47409334385044133e-01 1.12155431798906030e-03 3.58597287642997087e-01 5.20945980350087989e-01 2.32796477674808239e-01 -1.73586642561922522e-01 1.61004905004001969e-01 -5.15528856289267035e-01 
gamma
5.00000000e-01
initial
1.49999999999999994e-01 1.25000000000000000e-01 6.90000000000000058e-02 1.30000000000000011e-02 1.00000000000000002e-02 3.30000000000000016e-02 2.00000000000000011e-01 1.00000000000000006e-01 2.00000000000000011e-01 5.00000000000000028e-02 5.00000000000000028e-02 
delta
-1.00000000e+00
buy

sell

qbuy

qsell

kappa
5.00000000e-01
basket
-1
longbasket
-1
downrisk
0
downfactor
3.00000000e+00
shortbasket
-1
tradebuy
-1
tradesell
-1
tradenum
-1
revise
1
costs
0
min_holding
-1.00000000e+00
min_trade
-1.00000000e+00
ls
0
full
0
minRisk
0
maxRisk
3.3
rmin
-1.00000000e+00
rmax
-1.00000000e+00
round
0
min_lot

size_lot

ncomp
0
Composites

value
1.00000000e+00
valuel
0.00000000e+00
npiece
0
hpiece

pgrad

nabs
0
A_abs

mabs
0
I_A

Abs_U

Abs_L

ShortCostScale
1.00000000e+00
mask

issues

five
-1.00000000e+00
ten
-1.00000000e+00
forty
-1.00000000e+00
log
2
------------------------------------------------------------------------------------------------
e[1;1;31mgamma 5.00000000e-01
e[0;me[1;1;31mCHOICE 3
e[0;me[1;1;31mUtility at first guess 1.78141629e+01
e[0;me[1;1;31mOptimised interim Utility 5.21531482e+00
e[0;me[1;1;31mNatural delta satisfies turnover constraint
e[0;me[1;1;31mgamma 5.00000000e-01 risk 3.24235089e+00
e[0;mAugmented 64-bit optimiser version 1; Sep 19 2019 12:40:18 patch level 1818

The time now is; Tue Jun 20 16:13:42 2023

Expires: Wed Jun 21 16:13:42 2023 (after 1 days)

Host id 9e8f6f28

Curve component keys: 111111111
Linear Constraint Check
                              Lower bound             Exposure          Upper bound
     Constraint    1       1.00000000e+00       1.00000000e+00       1.00000000e+00
     Constraint    2       0.00000000e+00       3.25000000e-01       1.00000000e+00
     Constraint    3       0.00000000e+00       1.30651465e-01       1.00000000e+00
     Constraint    4       0.00000000e+00       5.00000000e-02       5.00000000e-02
     Constraint    5       0.00000000e+00      -7.66725833e-18       0.00000000e+00
     Constraint    6       0.00000000e+00       0.00000000e+00       1.00000000e+00
     Constraint    7       0.00000000e+00       1.50000000e-01       1.50000000e-01
     Constraint    8       0.00000000e+00       2.69000000e-01       1.00000000e+00
     Constraint    9       0.00000000e+00       6.01681729e-02       3.00000000e-01
     Constraint   10       0.00000000e+00       0.00000000e+00       1.00000000e+00
     Constraint   11       0.00000000e+00       1.51803620e-02       5.00000000e-02
     Constraint   12       0.00000000e+00       0.00000000e+00       4.00000000e-01
     Constraint   13       0.00000000e+00       1.50000000e-01       1.00000000e+00
     Constraint   14       0.00000000e+00       1.25348535e-01       3.00000000e-01
     Constraint   15       0.00000000e+00       7.24651465e-01       1.00000000e+00
                Name              Initial              Optimal            Benchmark            |Trade|/2                alpha                lower                upper
              P10000       1.50000000e-01       1.50000000e-01       0.00000000e+00       0.00000000e+00       4.00000000e-02       0.00000000e+00       3.50000000e-01
              P10004       1.25000000e-01       3.25000000e-01       0.00000000e+00       1.00000000e-01       3.51000000e-02       0.00000000e+00       3.25000000e-01
              P10005       6.90000000e-02       2.69000000e-01       0.00000000e+00       1.00000000e-01       3.45000000e-02       0.00000000e+00       2.69000000e-01
              P10006       1.30000000e-02       1.30651465e-01       0.00000000e+00       5.88257326e-02       3.50000000e-02       0.00000000e+00       2.13000000e-01
              P10007       1.00000000e-02       0.00000000e+00       0.00000000e+00       5.00000000e-03       3.67000000e-02       0.00000000e+00       2.10000000e-01
              P10008       3.30000000e-02       0.00000000e+00       0.00000000e+00       1.65000000e-02       3.87000000e-02       0.00000000e+00       2.33000000e-01
              P10014       2.00000000e-01       0.00000000e+00       0.00000000e+00       1.00000000e-01       5.51000000e-02       0.00000000e+00       4.00000000e-01
              P10015       1.00000000e-01      -7.66725833e-18       0.00000000e+00       5.00000000e-02       4.89000000e-02       0.00000000e+00       3.00000000e-01
              P10018       2.00000000e-01       6.01681729e-02       0.00000000e+00       6.99159136e-02       3.59000000e-02       0.00000000e+00       4.00000000e-01
              P10021       5.00000000e-02       5.00000000e-02       0.00000000e+00       0.00000000e+00       1.19327000e-01       0.00000000e+00       2.50000000e-01
              P10022       5.00000000e-02       1.51803620e-02       0.00000000e+00       1.74098190e-02       1.13149000e-01       0.00000000e+00       2.50000000e-01
               Total       1.00000000e+00       1.00000000e+00       0.00000000e+00       5.17651465e-01

                Long       1.00000000e+00                Short      -7.66725833e-18
               Gross       1.00000000e+00
         -Short/Long       7.66725833e-18
Natural Turnover is       5.17651465e-01
Time taken 0.001000 secs 
